[19:42:01] [ServerMain/INFO]: [bootstrap] Running Java 21 (OpenJDK 64-Bit Server VM 21.0.8+9-Ubuntu-0ubuntu124.04.1; Ubuntu null) on Linux 6.8.0-1030-azure (amd64)
[19:42:01] [ServerMain/INFO]: [bootstrap] Loading Paper 1.21.8-6-main@782ce95 (2025-07-18T20:26:58Z) for Minecraft 1.21.8
[19:42:01] [ServerMain/INFO]: [PluginInitializerManager] Initializing plugins...
[19:42:02] [ServerMain/INFO]: [PluginInitializerManager] Initialized 1 plugin
[19:42:02] [ServerMain/INFO]: [PluginInitializerManager] Bukkit plugins (1):
 - SkinsRestorer (15.8.0)
[19:42:07] [ServerMain/INFO]: Environment: Environment[sessionHost=https://sessionserver.mojang.com, servicesHost=https://api.minecraftservices.com, name=PROD]
[19:42:09] [ServerMain/INFO]: Loaded 1407 recipes
[19:42:09] [ServerMain/INFO]: Loaded 1520 advancements
[19:42:09] [ServerMain/INFO]: [ca.spottedleaf.dataconverter.minecraft.datatypes.MCTypeRegistry] Initialising converters for DataConverter...
[19:42:09] [ServerMain/INFO]: [ca.spottedleaf.dataconverter.minecraft.datatypes.MCTypeRegistry] Finished initialising converters for DataConverter in 375.8ms
[19:42:09] [Server thread/INFO]: Starting minecraft server version 1.21.8
[19:42:09] [Server thread/INFO]: Loading properties
[19:42:09] [Server thread/INFO]: This server is running Paper version 1.21.8-6-main@782ce95 (2025-07-18T20:26:58Z) (Implementing API version 1.21.8-R0.1-SNAPSHOT)
[19:42:10] [Server thread/INFO]: [spark] This server bundles the spark profiler. For more information please visit https://docs.papermc.io/paper/profiling
[19:42:10] [Server thread/INFO]: Server Ping Player Sample Count: 12
[19:42:10] [Server thread/INFO]: Using 4 threads for Netty based IO
[19:42:12] [Server thread/INFO]: [MoonriseCommon] Paper is using 1 worker threads, 1 I/O threads
[19:42:12] [Server thread/INFO]: [ChunkTaskScheduler] Chunk system is using population gen parallelism: true
[19:42:12] [Server thread/INFO]: Default game type: SURVIVAL
[19:42:12] [Server thread/INFO]: Generating keypair
[19:42:12] [Server thread/INFO]: Starting Minecraft server on *:25565
[19:42:12] [Server thread/INFO]: Using epoll channel type
[19:42:12] [Server thread/INFO]: Paper: Using libdeflate (Linux x86_64) compression from Velocity.
[19:42:12] [Server thread/INFO]: Paper: Using OpenSSL 3.x.x (Linux x86_64) cipher from Velocity.
[19:42:12] [Server thread/INFO]: [SkinsRestorer] Loading server plugin SkinsRestorer v15.8.0
[19:42:12] [Server thread/INFO]: Server permissions file permissions.yml is empty, ignoring it
[19:42:12] [Server thread/INFO]: [SkinsRestorer] Enabling SkinsRestorer v15.8.0
[19:42:14] [Server thread/INFO]: [SkinsRestorer] Running on Minecraft 1.21.8.
[19:42:14] [Server thread/INFO]: [SkinsRestorer] Using paper join listener!
[19:42:14] [Server thread/WARN]: **** SERVER IS RUNNING IN OFFLINE/INSECURE MODE!
[19:42:14] [Server thread/WARN]: The server will make no attempt to authenticate usernames. Beware.
[19:42:14] [Server thread/WARN]: While this makes the game possible to play without internet access, it also opens up the ability for hackers to connect with any username they choose.
[19:42:14] [Server thread/WARN]: To change this, set "online-mode" to "true" in the server.properties file.
[19:42:14] [Server thread/INFO]: Preparing level "world"
[19:42:15] [Folia Async Scheduler Thread #1/INFO]: [SkinsRestorer] ----------------------------------------------
[19:42:15] [Folia Async Scheduler Thread #1/INFO]: [SkinsRestorer]     +==================+
[19:42:15] [Folia Async Scheduler Thread #1/INFO]: [SkinsRestorer]     |   SkinsRestorer  |
[19:42:15] [Folia Async Scheduler Thread #1/INFO]: [SkinsRestorer]     |------------------|
[19:42:15] [Folia Async Scheduler Thread #1/INFO]: [SkinsRestorer]     |  Standalone Mode |
[19:42:15] [Folia Async Scheduler Thread #1/INFO]: [SkinsRestorer]     +==================+
[19:42:15] [Folia Async Scheduler Thread #1/INFO]: [SkinsRestorer] ----------------------------------------------
[19:42:15] [Folia Async Scheduler Thread #1/INFO]: [SkinsRestorer]     Version: 15.8.0
[19:42:15] [Folia Async Scheduler Thread #1/INFO]: [SkinsRestorer]     Commit: 752814e
[19:42:15] [Folia Async Scheduler Thread #1/INFO]: [SkinsRestorer]     This is the latest version!
[19:42:15] [Folia Async Scheduler Thread #1/INFO]: [SkinsRestorer] ----------------------------------------------
[19:42:15] [Folia Async Scheduler Thread #1/INFO]: [SkinsRestorer] Do you have issues? Read our troubleshooting guide: https://skinsrestorer.net/docs/troubleshooting
[19:42:15] [Folia Async Scheduler Thread #1/INFO]: [SkinsRestorer] Want to support SkinsRestorer? Consider donating: https://skinsrestorer.net/donate
[19:42:15] [Server thread/INFO]: Preparing start region for dimension minecraft:overworld
[19:42:16] [Server thread/INFO]: Preparing spawn area: 0%
[19:42:16] [Server thread/INFO]: Preparing spawn area: 0%
[19:42:16] [Server thread/INFO]: Preparing spawn area: 4%
[19:42:17] [Server thread/INFO]: Preparing spawn area: 4%
[19:42:17] [Server thread/INFO]: Time elapsed: 1511 ms
[19:42:17] [Server thread/INFO]: Preparing start region for dimension minecraft:the_nether
[19:42:17] [Server thread/INFO]: Preparing spawn area: 0%
[19:42:17] [Server thread/INFO]: Time elapsed: 498 ms
[19:42:17] [Server thread/INFO]: Preparing start region for dimension minecraft:the_end
[19:42:17] [Server thread/INFO]: Preparing spawn area: 0%
[19:42:17] [Server thread/INFO]: Time elapsed: 379 ms
[19:42:18] [Server thread/INFO]: [spark] Starting background profiler...
[19:42:19] [Server thread/INFO]: Done preparing level "world" (4.049s)
[19:42:19] [Server thread/INFO]: Running delayed init tasks
[19:42:19] [Server thread/INFO]: Done (19.439s)! For help, type "help"
[19:46:32] [User Authenticator #0/INFO]: UUID of player heladoscali1 is 0ed737b4-ad9c-3bef-a288-0279854ee4ba
[19:46:32] [Server thread/INFO]: [HorriblePlayerLoginEventHack] You have plugins listening to the PlayerLoginEvent, this will cause re-configuration APIs to be unavailable: [SkinsRestorer]
[19:46:34] [Server thread/INFO]: heladoscali1 joined the game
[19:46:34] [Server thread/INFO]: heladoscali1[/127.235.198.246:36709] logged in with entity id 95 at ([world]-391.5, 75.0, 317.5)
[19:46:35] [User Authenticator #0/INFO]: UUID of player Alezs_ is 2388f5db-5b78-3981-9eef-1eeef7d7c0f3
[19:46:37] [Server thread/INFO]: Alezs_ joined the game
[19:46:38] [Server thread/INFO]: Alezs_[/127.14.233.229:46141] logged in with entity id 193 at ([world]-382.07462366511845, 73.0, 332.3683673223797)
[19:47:03] [Server thread/INFO]: heladoscali1 lost connection: Disconnected
[19:47:03] [Server thread/INFO]: heladoscali1 left the game
[19:49:20] [Server thread/INFO]: Alezs_ has made the advancement [Stone Age]
[19:50:46] [Server thread/INFO]: Alezs_ has made the advancement [Getting an Upgrade]
